# JRE version: OpenJDK Runtime Environment (17.0.7) (build 17.0.7+0-b2043.56-10550314)
# Java VM: OpenJDK 64-Bit Server VM (17.0.7+0-b2043.56-10550314, mixed mode, tiered, compressed oops, compressed class ptrs, g1 gc, windows-amd64)
GC Precious Log:
 CPUs: 4 total, 4 available
 Memory: 3539M
 Large Page Support: Disabled
 NUMA Support: Disabled
 Compressed Oops: Enabled (32-bit)
 Heap Region Size: 1M
 Heap Min Capacity: 8M
 Heap Initial Capacity: 56M
 Heap Max Capacity: 2G
 Pre-touch: Disabled
 Parallel Workers: 4
 Concurrent Workers: 1
 Concurrent Refinement Workers: 4
 Periodic GC: Disabled
Heap:
 garbage-first heap   total 319488K, used 169308K [0x0000000080000000, 0x0000000100000000)
  region size 1024K, 1 young (1024K), 1 survivors (1024K)
 Metaspace       used 90495K, committed 91264K, reserved 1179648K
  class space    used 12458K, committed 12800K, reserved 1048576K
GC Heap History (20 events):
Event: 190.219 GC heap after
{Heap after GC invocations=80 (full 0):
 garbage-first heap   total 222208K, used 135528K [0x0000000080000000, 0x0000000100000000)
  region size 1024K, 5 young (5120K), 5 survivors (5120K)
 Metaspace       used 89163K, committed 89920K, reserved 1179648K
  class space    used 12278K, committed 12608K, reserved 1048576K
}
Event: 197.373 GC heap before
{Heap before GC invocations=80 (full 0):
 garbage-first heap   total 222208K, used 168296K [0x0000000080000000, 0x0000000100000000)
  region size 1024K, 38 young (38912K), 5 survivors (5120K)
 Metaspace       used 90207K, committed 90880K, reserved 1179648K
  class space    used 12416K, committed 12736K, reserved 1048576K
}
Event: 197.414 GC heap after
{Heap after GC invocations=81 (full 0):
 garbage-first heap   total 222208K, used 137885K [0x0000000080000000, 0x0000000100000000)
  region size 1024K, 3 young (3072K), 3 survivors (3072K)
 Metaspace       used 90207K, committed 90880K, reserved 1179648K
  class space    used 12416K, committed 12736K, reserved 1048576K
}
Event: 198.726 GC heap before
{Heap before GC invocations=81 (full 0):
 garbage-first heap   total 244736K, used 176797K [0x0000000080000000, 0x0000000100000000)
  region size 1024K, 37 young (37888K), 3 survivors (3072K)
 Metaspace       used 90437K, committed 91136K, reserved 1179648K
  class space    used 12456K, committed 12800K, reserved 1048576K
}
Event: 198.977 GC heap after
{Heap after GC invocations=82 (full 0):
 garbage-first heap   total 244736K, used 152097K [0x0000000080000000, 0x0000000100000000)
  region size 1024K, 5 young (5120K), 5 survivors (5120K)
 Metaspace       used 90437K, committed 91136K, reserved 1179648K
  class space    used 12456K, committed 12800K, reserved 1048576K
}
Event: 208.287 GC heap before
{Heap before GC invocations=83 (full 0):
 garbage-first heap   total 244736K, used 188961K [0x0000000080000000, 0x0000000100000000)
  region size 1024K, 41 young (41984K), 5 survivors (5120K)
 Metaspace       used 90466K, committed 91264K, reserved 1179648K
  class space    used 12458K, committed 12800K, reserved 1048576K
}
Event: 208.356 GC heap after
{Heap after GC invocations=84 (full 0):
 garbage-first heap   total 244736K, used 157022K [0x0000000080000000, 0x0000000100000000)
  region size 1024K, 6 young (6144K), 6 survivors (6144K)
 Metaspace       used 90466K, committed 91264K, reserved 1179648K
  class space    used 12458K, committed 12800K, reserved 1048576K
}
Event: 208.796 GC heap before
{Heap before GC invocations=84 (full 0):
 garbage-first heap   total 244736K, used 161118K [0x0000000080000000, 0x0000000100000000)
  region size 1024K, 11 young (11264K), 6 survivors (6144K)
 Metaspace       used 90466K, committed 91264K, reserved 1179648K
  class space    used 12458K, committed 12800K, reserved 1048576K
}
Event: 208.852 GC heap after
{Heap after GC invocations=85 (full 0):
 garbage-first heap   total 244736K, used 158102K [0x0000000080000000, 0x0000000100000000)
  region size 1024K, 1 young (1024K), 1 survivors (1024K)
 Metaspace       used 90466K, committed 91264K, reserved 1179648K
  class space    used 12458K, committed 12800K, reserved 1048576K
}
Event: 219.337 GC heap before
{Heap before GC invocations=85 (full 0):
 garbage-first heap   total 244736K, used 192918K [0x0000000080000000, 0x0000000100000000)
  region size 1024K, 35 young (35840K), 1 survivors (1024K)
 Metaspace       used 90467K, committed 91264K, reserved 1179648K
  class space    used 12458K, committed 12800K, reserved 1048576K
}
Event: 219.418 GC heap after
{Heap after GC invocations=86 (full 0):
 garbage-first heap   total 244736K, used 159126K [0x0000000080000000, 0x0000000100000000)
  region size 1024K, 2 young (2048K), 2 survivors (2048K)
 Metaspace       used 90467K, committed 91264K, reserved 1179648K
  class space    used 12458K, committed 12800K, reserved 1048576K
}
Event: 226.948 GC heap before
{Heap before GC invocations=87 (full 0):
 garbage-first heap   total 319488K, used 195990K [0x0000000080000000, 0x0000000100000000)
  region size 1024K, 38 young (38912K), 2 survivors (2048K)
 Metaspace       used 90467K, committed 91264K, reserved 1179648K
  class space    used 12458K, committed 12800K, reserved 1048576K
}
Event: 227.052 GC heap after
{Heap after GC invocations=88 (full 0):
 garbage-first heap   total 319488K, used 160848K [0x0000000080000000, 0x0000000100000000)
  region size 1024K, 4 young (4096K), 4 survivors (4096K)
 Metaspace       used 90467K, committed 91264K, reserved 1179648K
  class space    used 12458K, committed 12800K, reserved 1048576K
}
Event: 233.457 GC heap before
{Heap before GC invocations=88 (full 0):
 garbage-first heap   total 319488K, used 172112K [0x0000000080000000, 0x0000000100000000)
  region size 1024K, 15 young (15360K), 4 survivors (4096K)
 Metaspace       used 90472K, committed 91264K, reserved 1179648K
  class space    used 12458K, committed 12800K, reserved 1048576K
}
Event: 233.504 GC heap after
{Heap after GC invocations=89 (full 0):
 garbage-first heap   total 319488K, used 161104K [0x0000000080000000, 0x0000000100000000)
  region size 1024K, 1 young (1024K), 1 survivors (1024K)
 Metaspace       used 90472K, committed 91264K, reserved 1179648K
  class space    used 12458K, committed 12800K, reserved 1048576K
}
Event: 263.227 GC heap before
{Heap before GC invocations=89 (full 0):
 garbage-first heap   total 319488K, used 231760K [0x0000000080000000, 0x0000000100000000)
  region size 1024K, 71 young (72704K), 1 survivors (1024K)
 Metaspace       used 90478K, committed 91264K, reserved 1179648K
  class space    used 12458K, committed 12800K, reserved 1048576K
}
Event: 263.381 GC heap after
{Heap after GC invocations=90 (full 0):
 garbage-first heap   total 319488K, used 164091K [0x0000000080000000, 0x0000000100000000)
  region size 1024K, 4 young (4096K), 4 survivors (4096K)
 Metaspace       used 90478K, committed 91264K, reserved 1179648K
  class space    used 12458K, committed 12800K, reserved 1048576K
}
Event: 301.330 GC heap before
{Heap before GC invocations=90 (full 0):
 garbage-first heap   total 319488K, used 256251K [0x0000000080000000, 0x0000000100000000)
  region size 1024K, 94 young (96256K), 4 survivors (4096K)
 Metaspace       used 90495K, committed 91264K, reserved 1179648K
  class space    used 12458K, committed 12800K, reserved 1048576K
}
Event: 302.553 GC heap after
{Heap after GC invocations=91 (full 0):
 garbage-first heap   total 319488K, used 168537K [0x0000000080000000, 0x0000000100000000)
  region size 1024K, 9 young (9216K), 9 survivors (9216K)
 Metaspace       used 90495K, committed 91264K, reserved 1179648K
  class space    used 12458K, committed 12800K, reserved 1048576K
}
Event: 302.793 GC heap before
{Heap before GC invocations=91 (full 0):
 garbage-first heap   total 319488K, used 174681K [0x0000000080000000, 0x0000000100000000)
  region size 1024K, 15 young (15360K), 9 survivors (9216K)
 Metaspace       used 90495K, committed 91264K, reserved 1179648K
  class space    used 12458K, committed 12800K, reserved 1048576K
}

