# JRE version: OpenJDK Runtime Environment (17.0.7) (build 17.0.7+0-b2043.56-10550314)
# Java VM: OpenJDK 64-Bit Server VM (17.0.7+0-b2043.56-10550314, mixed mode, tiered, compressed oops, compressed class ptrs, g1 gc, windows-amd64)
GC Precious Log:
 CPUs: 4 total, 4 available
 Memory: 3539M
 Large Page Support: Disabled
 NUMA Support: Disabled
 Compressed Oops: Enabled (32-bit)
 Heap Region Size: 1M
 Heap Min Capacity: 8M
 Heap Initial Capacity: 56M
 Heap Max Capacity: 2G
 Pre-touch: Disabled
 Parallel Workers: 4
 Concurrent Workers: 1
 Concurrent Refinement Workers: 4
 Periodic GC: Disabled
Heap:
 garbage-first heap   total 63488K, used 35013K [0x0000000080000000, 0x0000000100000000)
  region size 1024K, 3 young (3072K), 2 survivors (2048K)
 Metaspace       used 52925K, committed 53440K, reserved 1114112K
  class space    used 7159K, committed 7424K, reserved 1048576K
GC Heap History (20 events):
Event: 18.983 GC heap before
{Heap before GC invocations=10 (full 0):
 garbage-first heap   total 57344K, used 43028K [0x0000000080000000, 0x0000000100000000)
  region size 1024K, 23 young (23552K), 3 survivors (3072K)
 Metaspace       used 32463K, committed 32704K, reserved 1114112K
  class space    used 4438K, committed 4544K, reserved 1048576K
}
Event: 18.987 GC heap after
{Heap after GC invocations=11 (full 0):
 garbage-first heap   total 57344K, used 23425K [0x0000000080000000, 0x0000000100000000)
  region size 1024K, 2 young (2048K), 2 survivors (2048K)
 Metaspace       used 32463K, committed 32704K, reserved 1114112K
  class space    used 4438K, committed 4544K, reserved 1048576K
}
Event: 19.999 GC heap before
{Heap before GC invocations=11 (full 0):
 garbage-first heap   total 57344K, used 40833K [0x0000000080000000, 0x0000000100000000)
  region size 1024K, 21 young (21504K), 2 survivors (2048K)
 Metaspace       used 35615K, committed 35968K, reserved 1114112K
  class space    used 4930K, committed 5120K, reserved 1048576K
}
Event: 20.004 GC heap after
{Heap after GC invocations=12 (full 0):
 garbage-first heap   total 57344K, used 24591K [0x0000000080000000, 0x0000000100000000)
  region size 1024K, 3 young (3072K), 3 survivors (3072K)
 Metaspace       used 35615K, committed 35968K, reserved 1114112K
  class space    used 4930K, committed 5120K, reserved 1048576K
}
Event: 20.961 GC heap before
{Heap before GC invocations=13 (full 0):
 garbage-first heap   total 57344K, used 43023K [0x0000000080000000, 0x0000000100000000)
  region size 1024K, 22 young (22528K), 3 survivors (3072K)
 Metaspace       used 40730K, committed 41088K, reserved 1114112K
  class space    used 5444K, committed 5632K, reserved 1048576K
}
Event: 20.967 GC heap after
{Heap after GC invocations=14 (full 0):
 garbage-first heap   total 57344K, used 26757K [0x0000000080000000, 0x0000000100000000)
  region size 1024K, 3 young (3072K), 3 survivors (3072K)
 Metaspace       used 40730K, committed 41088K, reserved 1114112K
  class space    used 5444K, committed 5632K, reserved 1048576K
}
Event: 21.233 GC heap before
{Heap before GC invocations=14 (full 0):
 garbage-first heap   total 57344K, used 44165K [0x0000000080000000, 0x0000000100000000)
  region size 1024K, 21 young (21504K), 3 survivors (3072K)
 Metaspace       used 41288K, committed 41664K, reserved 1114112K
  class space    used 5491K, committed 5632K, reserved 1048576K
}
Event: 21.246 GC heap after
{Heap after GC invocations=15 (full 0):
 garbage-first heap   total 57344K, used 29792K [0x0000000080000000, 0x0000000100000000)
  region size 1024K, 3 young (3072K), 3 survivors (3072K)
 Metaspace       used 41288K, committed 41664K, reserved 1114112K
  class space    used 5491K, committed 5632K, reserved 1048576K
}
Event: 21.606 GC heap before
{Heap before GC invocations=15 (full 0):
 garbage-first heap   total 57344K, used 39008K [0x0000000080000000, 0x0000000100000000)
  region size 1024K, 14 young (14336K), 3 survivors (3072K)
 Metaspace       used 41999K, committed 42368K, reserved 1114112K
  class space    used 5578K, committed 5760K, reserved 1048576K
}
Event: 21.610 GC heap after
{Heap after GC invocations=16 (full 0):
 garbage-first heap   total 57344K, used 30854K [0x0000000080000000, 0x0000000100000000)
  region size 1024K, 2 young (2048K), 2 survivors (2048K)
 Metaspace       used 41999K, committed 42368K, reserved 1114112K
  class space    used 5578K, committed 5760K, reserved 1048576K
}
Event: 22.744 GC heap before
{Heap before GC invocations=17 (full 0):
 garbage-first heap   total 63488K, used 50310K [0x0000000080000000, 0x0000000100000000)
  region size 1024K, 16 young (16384K), 2 survivors (2048K)
 Metaspace       used 44126K, committed 44544K, reserved 1114112K
  class space    used 5820K, committed 6016K, reserved 1048576K
}
Event: 22.748 GC heap after
{Heap after GC invocations=18 (full 0):
 garbage-first heap   total 63488K, used 31107K [0x0000000080000000, 0x0000000100000000)
  region size 1024K, 1 young (1024K), 1 survivors (1024K)
 Metaspace       used 44126K, committed 44544K, reserved 1114112K
  class space    used 5820K, committed 6016K, reserved 1048576K
}
Event: 22.963 GC heap before
{Heap before GC invocations=18 (full 0):
 garbage-first heap   total 63488K, used 39299K [0x0000000080000000, 0x0000000100000000)
  region size 1024K, 11 young (11264K), 1 survivors (1024K)
 Metaspace       used 44347K, committed 44736K, reserved 1114112K
  class space    used 5834K, committed 6016K, reserved 1048576K
}
Event: 22.966 GC heap after
{Heap after GC invocations=19 (full 0):
 garbage-first heap   total 63488K, used 31657K [0x0000000080000000, 0x0000000100000000)
  region size 1024K, 2 young (2048K), 2 survivors (2048K)
 Metaspace       used 44347K, committed 44736K, reserved 1114112K
  class space    used 5834K, committed 6016K, reserved 1048576K
}
Event: 29.806 GC heap before
{Heap before GC invocations=20 (full 0):
 garbage-first heap   total 63488K, used 51113K [0x0000000080000000, 0x0000000100000000)
  region size 1024K, 19 young (19456K), 2 survivors (2048K)
 Metaspace       used 46898K, committed 47360K, reserved 1114112K
  class space    used 6201K, committed 6400K, reserved 1048576K
}
Event: 29.810 GC heap after
{Heap after GC invocations=21 (full 0):
 garbage-first heap   total 63488K, used 32649K [0x0000000080000000, 0x0000000100000000)
  region size 1024K, 3 young (3072K), 3 survivors (3072K)
 Metaspace       used 46898K, committed 47360K, reserved 1114112K
  class space    used 6201K, committed 6400K, reserved 1048576K
}
Event: 41.241 GC heap before
{Heap before GC invocations=21 (full 0):
 garbage-first heap   total 63488K, used 50057K [0x0000000080000000, 0x0000000100000000)
  region size 1024K, 20 young (20480K), 3 survivors (3072K)
 Metaspace       used 48687K, committed 49088K, reserved 1114112K
  class space    used 6492K, committed 6656K, reserved 1048576K
}
Event: 41.247 GC heap after
{Heap after GC invocations=22 (full 0):
 garbage-first heap   total 63488K, used 33741K [0x0000000080000000, 0x0000000100000000)
  region size 1024K, 3 young (3072K), 3 survivors (3072K)
 Metaspace       used 48687K, committed 49088K, reserved 1114112K
  class space    used 6492K, committed 6656K, reserved 1048576K
}
Event: 48.250 GC heap before
{Heap before GC invocations=23 (full 0):
 garbage-first heap   total 63488K, used 49101K [0x0000000080000000, 0x0000000100000000)
  region size 1024K, 19 young (19456K), 3 survivors (3072K)
 Metaspace       used 50849K, committed 51264K, reserved 1114112K
  class space    used 6866K, committed 7040K, reserved 1048576K
}
Event: 48.255 GC heap after
{Heap after GC invocations=24 (full 0):
 garbage-first heap   total 63488K, used 34462K [0x0000000080000000, 0x0000000100000000)
  region size 1024K, 2 young (2048K), 2 survivors (2048K)
 Metaspace       used 50849K, committed 51264K, reserved 1114112K
  class space    used 6866K, committed 7040K, reserved 1048576K
}

