# JRE version: OpenJDK Runtime Environment (17.0.7) (build 17.0.7+0-b2043.56-10550314)
# Java VM: OpenJDK 64-Bit Server VM (17.0.7+0-b2043.56-10550314, mixed mode, tiered, compressed oops, compressed class ptrs, g1 gc, windows-amd64)
GC Precious Log:
 CPUs: 4 total, 4 available
 Memory: 3539M
 Large Page Support: Disabled
 NUMA Support: Disabled
 Compressed Oops: Enabled (32-bit)
 Heap Region Size: 1M
 Heap Min Capacity: 8M
 Heap Initial Capacity: 56M
 Heap Max Capacity: 2G
 Pre-touch: Disabled
 Parallel Workers: 4
 Concurrent Workers: 1
 Concurrent Refinement Workers: 4
 Periodic GC: Disabled
Heap:
 garbage-first heap   total 430080K, used 171253K [0x0000000080000000, 0x0000000100000000)
  region size 1024K, 27 young (27648K), 3 survivors (3072K)
 Metaspace       used 109640K, committed 110464K, reserved 1179648K
  class space    used 14494K, committed 14912K, reserved 1048576K
GC Heap History (20 events):
Event: 38.799 GC heap before
{Heap before GC invocations=63 (full 0):
 garbage-first heap   total 152576K, used 124127K [0x0000000080000000, 0x0000000100000000)
  region size 1024K, 47 young (48128K), 1 survivors (1024K)
 Metaspace       used 89560K, committed 90176K, reserved 1179648K
  class space    used 12323K, committed 12608K, reserved 1048576K
}
Event: 38.821 GC heap after
{Heap after GC invocations=64 (full 0):
 garbage-first heap   total 152576K, used 79114K [0x0000000080000000, 0x0000000100000000)
  region size 1024K, 3 young (3072K), 3 survivors (3072K)
 Metaspace       used 89560K, committed 90176K, reserved 1179648K
  class space    used 12323K, committed 12608K, reserved 1048576K
}
Event: 40.141 GC heap before
{Heap before GC invocations=65 (full 0):
 garbage-first heap   total 152576K, used 126218K [0x0000000080000000, 0x0000000100000000)
  region size 1024K, 49 young (50176K), 3 survivors (3072K)
 Metaspace       used 90658K, committed 91328K, reserved 1179648K
  class space    used 12466K, committed 12800K, reserved 1048576K
}
Event: 40.199 GC heap after
{Heap after GC invocations=66 (full 0):
 garbage-first heap   total 152576K, used 85492K [0x0000000080000000, 0x0000000100000000)
  region size 1024K, 7 young (7168K), 7 survivors (7168K)
 Metaspace       used 90658K, committed 91328K, reserved 1179648K
  class space    used 12466K, committed 12800K, reserved 1048576K
}
Event: 40.218 GC heap before
{Heap before GC invocations=66 (full 0):
 garbage-first heap   total 152576K, used 86516K [0x0000000080000000, 0x0000000100000000)
  region size 1024K, 8 young (8192K), 7 survivors (7168K)
 Metaspace       used 90659K, committed 91328K, reserved 1179648K
  class space    used 12466K, committed 12800K, reserved 1048576K
}
Event: 40.246 GC heap after
{Heap after GC invocations=67 (full 0):
 garbage-first heap   total 152576K, used 86462K [0x0000000080000000, 0x0000000100000000)
  region size 1024K, 1 young (1024K), 1 survivors (1024K)
 Metaspace       used 90659K, committed 91328K, reserved 1179648K
  class space    used 12466K, committed 12800K, reserved 1048576K
}
Event: 45.949 GC heap before
{Heap before GC invocations=67 (full 0):
 garbage-first heap   total 152576K, used 124350K [0x0000000080000000, 0x0000000100000000)
  region size 1024K, 39 young (39936K), 1 survivors (1024K)
 Metaspace       used 92611K, committed 93312K, reserved 1179648K
  class space    used 12794K, committed 13120K, reserved 1048576K
}
Event: 46.001 GC heap after
{Heap after GC invocations=68 (full 0):
 garbage-first heap   total 430080K, used 90558K [0x0000000080000000, 0x0000000100000000)
  region size 1024K, 5 young (5120K), 5 survivors (5120K)
 Metaspace       used 92611K, committed 93312K, reserved 1179648K
  class space    used 12794K, committed 13120K, reserved 1048576K
}
Event: 62.975 GC heap before
{Heap before GC invocations=68 (full 0):
 garbage-first heap   total 430080K, used 344510K [0x0000000080000000, 0x0000000100000000)
  region size 1024K, 232 young (237568K), 5 survivors (5120K)
 Metaspace       used 100008K, committed 100672K, reserved 1179648K
  class space    used 13546K, committed 13888K, reserved 1048576K
}
Event: 63.315 GC heap after
{Heap after GC invocations=69 (full 0):
 garbage-first heap   total 430080K, used 125952K [0x0000000080000000, 0x0000000100000000)
  region size 1024K, 29 young (29696K), 29 survivors (29696K)
 Metaspace       used 100008K, committed 100672K, reserved 1179648K
  class space    used 13546K, committed 13888K, reserved 1048576K
}
Event: 73.206 GC heap before
{Heap before GC invocations=69 (full 0):
 garbage-first heap   total 430080K, used 262144K [0x0000000080000000, 0x0000000100000000)
  region size 1024K, 146 young (149504K), 29 survivors (29696K)
 Metaspace       used 104480K, committed 105216K, reserved 1179648K
  class space    used 13924K, committed 14272K, reserved 1048576K
}
Event: 73.629 GC heap after
{Heap after GC invocations=70 (full 0):
 garbage-first heap   total 430080K, used 145748K [0x0000000080000000, 0x0000000100000000)
  region size 1024K, 19 young (19456K), 19 survivors (19456K)
 Metaspace       used 104480K, committed 105216K, reserved 1179648K
  class space    used 13924K, committed 14272K, reserved 1048576K
}
Event: 77.193 GC heap before
{Heap before GC invocations=70 (full 0):
 garbage-first heap   total 430080K, used 200020K [0x0000000080000000, 0x0000000100000000)
  region size 1024K, 73 young (74752K), 19 survivors (19456K)
 Metaspace       used 104862K, committed 105536K, reserved 1179648K
  class space    used 13952K, committed 14272K, reserved 1048576K
}
Event: 77.252 GC heap after
{Heap after GC invocations=71 (full 0):
 garbage-first heap   total 430080K, used 141824K [0x0000000080000000, 0x0000000100000000)
  region size 1024K, 3 young (3072K), 3 survivors (3072K)
 Metaspace       used 104862K, committed 105536K, reserved 1179648K
  class space    used 13952K, committed 14272K, reserved 1048576K
}
Event: 97.169 GC heap before
{Heap before GC invocations=71 (full 0):
 garbage-first heap   total 430080K, used 320000K [0x0000000080000000, 0x0000000100000000)
  region size 1024K, 132 young (135168K), 3 survivors (3072K)
 Metaspace       used 108087K, committed 108800K, reserved 1179648K
  class space    used 14291K, committed 14592K, reserved 1048576K
}
Event: 98.528 GC heap after
{Heap after GC invocations=72 (full 0):
 garbage-first heap   total 430080K, used 146836K [0x0000000080000000, 0x0000000100000000)
  region size 1024K, 8 young (8192K), 8 survivors (8192K)
 Metaspace       used 108087K, committed 108800K, reserved 1179648K
  class space    used 14291K, committed 14592K, reserved 1048576K
}
Event: 103.981 GC heap before
{Heap before GC invocations=72 (full 0):
 garbage-first heap   total 430080K, used 159124K [0x0000000080000000, 0x0000000100000000)
  region size 1024K, 21 young (21504K), 8 survivors (8192K)
 Metaspace       used 108589K, committed 109248K, reserved 1179648K
  class space    used 14350K, committed 14656K, reserved 1048576K
}
Event: 104.069 GC heap after
{Heap after GC invocations=73 (full 0):
 garbage-first heap   total 430080K, used 147695K [0x0000000080000000, 0x0000000100000000)
  region size 1024K, 2 young (2048K), 2 survivors (2048K)
 Metaspace       used 108589K, committed 109248K, reserved 1179648K
  class space    used 14350K, committed 14656K, reserved 1048576K
}
Event: 108.284 GC heap before
{Heap before GC invocations=73 (full 0):
 garbage-first heap   total 430080K, used 169199K [0x0000000080000000, 0x0000000100000000)
  region size 1024K, 24 young (24576K), 2 survivors (2048K)
 Metaspace       used 108850K, committed 109568K, reserved 1179648K
  class space    used 14384K, committed 14720K, reserved 1048576K
}
Event: 108.300 GC heap after
{Heap after GC invocations=74 (full 0):
 garbage-first heap   total 430080K, used 148725K [0x0000000080000000, 0x0000000100000000)
  region size 1024K, 3 young (3072K), 3 survivors (3072K)
 Metaspace       used 108850K, committed 109568K, reserved 1179648K
  class space    used 14384K, committed 14720K, reserved 1048576K
}

