# JRE version: OpenJDK Runtime Environment (17.0.7) (build 17.0.7+0-b2043.56-10550314)
# Java VM: OpenJDK 64-Bit Server VM (17.0.7+0-b2043.56-10550314, mixed mode, tiered, compressed oops, compressed class ptrs, g1 gc, windows-amd64)
GC Precious Log:
 CPUs: 4 total, 4 available
 Memory: 3539M
 Large Page Support: Disabled
 NUMA Support: Disabled
 Compressed Oops: Enabled (32-bit)
 Heap Region Size: 1M
 Heap Min Capacity: 8M
 Heap Initial Capacity: 56M
 Heap Max Capacity: 2G
 Pre-touch: Disabled
 Parallel Workers: 4
 Concurrent Workers: 1
 Concurrent Refinement Workers: 4
 Periodic GC: Disabled
Heap:
 garbage-first heap   total 522240K, used 259933K [0x0000000080000000, 0x0000000100000000)
  region size 1024K, 17 young (17408K), 9 survivors (9216K)
 Metaspace       used 183607K, committed 184640K, reserved 1245184K
  class space    used 23375K, committed 23872K, reserved 1048576K
GC Heap History (20 events):
Event: 948.948 GC heap before
{Heap before GC invocations=140 (full 0):
 garbage-first heap   total 455680K, used 284195K [0x0000000080000000, 0x0000000100000000)
  region size 1024K, 51 young (52224K), 4 survivors (4096K)
 Metaspace       used 173271K, committed 174208K, reserved 1245184K
  class space    used 22260K, committed 22720K, reserved 1048576K
}
Event: 949.018 GC heap after
{Heap after GC invocations=141 (full 0):
 garbage-first heap   total 455680K, used 238258K [0x0000000080000000, 0x0000000100000000)
  region size 1024K, 5 young (5120K), 5 survivors (5120K)
 Metaspace       used 173271K, committed 174208K, reserved 1245184K
  class space    used 22260K, committed 22720K, reserved 1048576K
}
Event: 949.593 GC heap before
{Heap before GC invocations=141 (full 0):
 garbage-first heap   total 455680K, used 303794K [0x0000000080000000, 0x0000000100000000)
  region size 1024K, 69 young (70656K), 5 survivors (5120K)
 Metaspace       used 173271K, committed 174208K, reserved 1245184K
  class space    used 22260K, committed 22720K, reserved 1048576K
}
Event: 949.616 GC heap after
{Heap after GC invocations=142 (full 0):
 garbage-first heap   total 455680K, used 239266K [0x0000000080000000, 0x0000000100000000)
  region size 1024K, 6 young (6144K), 6 survivors (6144K)
 Metaspace       used 173271K, committed 174208K, reserved 1245184K
  class space    used 22260K, committed 22720K, reserved 1048576K
}
Event: 951.279 GC heap before
{Heap before GC invocations=142 (full 0):
 garbage-first heap   total 455680K, used 344738K [0x0000000080000000, 0x0000000100000000)
  region size 1024K, 107 young (109568K), 6 survivors (6144K)
 Metaspace       used 173728K, committed 174592K, reserved 1245184K
  class space    used 22287K, committed 22720K, reserved 1048576K
}
Event: 951.347 GC heap after
{Heap after GC invocations=143 (full 0):
 garbage-first heap   total 455680K, used 240565K [0x0000000080000000, 0x0000000100000000)
  region size 1024K, 7 young (7168K), 7 survivors (7168K)
 Metaspace       used 173728K, committed 174592K, reserved 1245184K
  class space    used 22287K, committed 22720K, reserved 1048576K
}
Event: 953.263 GC heap before
{Heap before GC invocations=143 (full 0):
 garbage-first heap   total 455680K, used 374709K [0x0000000080000000, 0x0000000100000000)
  region size 1024K, 138 young (141312K), 7 survivors (7168K)
 Metaspace       used 173732K, committed 174656K, reserved 1245184K
  class space    used 22287K, committed 22720K, reserved 1048576K
}
Event: 953.363 GC heap after
{Heap after GC invocations=144 (full 0):
 garbage-first heap   total 455680K, used 241489K [0x0000000080000000, 0x0000000100000000)
  region size 1024K, 8 young (8192K), 8 survivors (8192K)
 Metaspace       used 173732K, committed 174656K, reserved 1245184K
  class space    used 22287K, committed 22720K, reserved 1048576K
}
Event: 991.981 GC heap before
{Heap before GC invocations=144 (full 0):
 garbage-first heap   total 455680K, used 393041K [0x0000000080000000, 0x0000000100000000)
  region size 1024K, 151 young (154624K), 8 survivors (8192K)
 Metaspace       used 177018K, committed 177920K, reserved 1245184K
  class space    used 22572K, committed 22976K, reserved 1048576K
}
Event: 992.184 GC heap after
{Heap after GC invocations=145 (full 0):
 garbage-first heap   total 522240K, used 238866K [0x0000000080000000, 0x0000000100000000)
  region size 1024K, 8 young (8192K), 8 survivors (8192K)
 Metaspace       used 177018K, committed 177920K, reserved 1245184K
  class space    used 22572K, committed 22976K, reserved 1048576K
}
Event: 1038.488 GC heap before
{Heap before GC invocations=145 (full 0):
 garbage-first heap   total 522240K, used 316690K [0x0000000080000000, 0x0000000100000000)
  region size 1024K, 85 young (87040K), 8 survivors (8192K)
 Metaspace       used 177325K, committed 178240K, reserved 1245184K
  class space    used 22593K, committed 23040K, reserved 1048576K
}
Event: 1038.693 GC heap after
{Heap after GC invocations=146 (full 0):
 garbage-first heap   total 522240K, used 240128K [0x0000000080000000, 0x0000000100000000)
  region size 1024K, 6 young (6144K), 6 survivors (6144K)
 Metaspace       used 177325K, committed 178240K, reserved 1245184K
  class space    used 22593K, committed 23040K, reserved 1048576K
}
Event: 1055.231 GC heap before
{Heap before GC invocations=146 (full 0):
 garbage-first heap   total 522240K, used 287232K [0x0000000080000000, 0x0000000100000000)
  region size 1024K, 53 young (54272K), 6 survivors (6144K)
 Metaspace       used 177407K, committed 178304K, reserved 1245184K
  class space    used 22594K, committed 23040K, reserved 1048576K
}
Event: 1055.359 GC heap after
{Heap after GC invocations=147 (full 0):
 garbage-first heap   total 522240K, used 241426K [0x0000000080000000, 0x0000000100000000)
  region size 1024K, 4 young (4096K), 4 survivors (4096K)
 Metaspace       used 177407K, committed 178304K, reserved 1245184K
  class space    used 22594K, committed 23040K, reserved 1048576K
}
Event: 1103.999 GC heap before
{Heap before GC invocations=147 (full 0):
 garbage-first heap   total 522240K, used 415506K [0x0000000080000000, 0x0000000100000000)
  region size 1024K, 175 young (179200K), 4 survivors (4096K)
 Metaspace       used 179025K, committed 179968K, reserved 1245184K
  class space    used 22767K, committed 23168K, reserved 1048576K
}
Event: 1104.249 GC heap after
{Heap after GC invocations=148 (full 0):
 garbage-first heap   total 522240K, used 245588K [0x0000000080000000, 0x0000000100000000)
  region size 1024K, 8 young (8192K), 8 survivors (8192K)
 Metaspace       used 179025K, committed 179968K, reserved 1245184K
  class space    used 22767K, committed 23168K, reserved 1048576K
}
Event: 1193.085 GC heap before
{Heap before GC invocations=148 (full 0):
 garbage-first heap   total 522240K, used 294740K [0x0000000080000000, 0x0000000100000000)
  region size 1024K, 56 young (57344K), 8 survivors (8192K)
 Metaspace       used 180130K, committed 181120K, reserved 1245184K
  class space    used 22906K, committed 23360K, reserved 1048576K
}
Event: 1193.357 GC heap after
{Heap after GC invocations=149 (full 0):
 garbage-first heap   total 522240K, used 247460K [0x0000000080000000, 0x0000000100000000)
  region size 1024K, 3 young (3072K), 3 survivors (3072K)
 Metaspace       used 180130K, committed 181120K, reserved 1245184K
  class space    used 22906K, committed 23360K, reserved 1048576K
}
Event: 2097.513 GC heap before
{Heap before GC invocations=149 (full 0):
 garbage-first heap   total 522240K, used 357028K [0x0000000080000000, 0x0000000100000000)
  region size 1024K, 111 young (113664K), 3 survivors (3072K)
 Metaspace       used 183410K, committed 184512K, reserved 1245184K
  class space    used 23348K, committed 23872K, reserved 1048576K
}
Event: 2098.185 GC heap after
{Heap after GC invocations=150 (full 0):
 garbage-first heap   total 522240K, used 253789K [0x0000000080000000, 0x0000000100000000)
  region size 1024K, 9 young (9216K), 9 survivors (9216K)
 Metaspace       used 183410K, committed 184512K, reserved 1245184K
  class space    used 23348K, committed 23872K, reserved 1048576K
}

