# JRE version: OpenJDK Runtime Environment (17.0.7) (build 17.0.7+0-b2043.56-10550314)
# Java VM: OpenJDK 64-Bit Server VM (17.0.7+0-b2043.56-10550314, mixed mode, tiered, compressed oops, compressed class ptrs, g1 gc, windows-amd64)
GC Precious Log:
 CPUs: 4 total, 4 available
 Memory: 3539M
 Large Page Support: Disabled
 NUMA Support: Disabled
 Compressed Oops: Enabled (32-bit)
 Heap Region Size: 1M
 Heap Min Capacity: 8M
 Heap Initial Capacity: 56M
 Heap Max Capacity: 2G
 Pre-touch: Disabled
 Parallel Workers: 4
 Concurrent Workers: 1
 Concurrent Refinement Workers: 4
 Periodic GC: Disabled
Heap:
 garbage-first heap   total 89088K, used 60707K [0x0000000080000000, 0x0000000100000000)
  region size 1024K, 4 young (4096K), 2 survivors (2048K)
 Metaspace       used 43749K, committed 44096K, reserved 1114112K
  class space    used 5764K, committed 5952K, reserved 1048576K
GC Heap History (20 events):
Event: 20.179 GC heap before
{Heap before GC invocations=8 (full 0):
 garbage-first heap   total 57344K, used 40223K [0x0000000080000000, 0x0000000100000000)
  region size 1024K, 22 young (22528K), 2 survivors (2048K)
 Metaspace       used 27098K, committed 27392K, reserved 1114112K
  class space    used 3572K, committed 3712K, reserved 1048576K
}
Event: 20.183 GC heap after
{Heap after GC invocations=9 (full 0):
 garbage-first heap   total 57344K, used 21036K [0x0000000080000000, 0x0000000100000000)
  region size 1024K, 3 young (3072K), 3 survivors (3072K)
 Metaspace       used 27098K, committed 27392K, reserved 1114112K
  class space    used 3572K, committed 3712K, reserved 1048576K
}
Event: 23.049 GC heap before
{Heap before GC invocations=9 (full 0):
 garbage-first heap   total 57344K, used 43564K [0x0000000080000000, 0x0000000100000000)
  region size 1024K, 22 young (22528K), 3 survivors (3072K)
 Metaspace       used 29816K, committed 30144K, reserved 1114112K
  class space    used 4032K, committed 4160K, reserved 1048576K
}
Event: 23.061 GC heap after
{Heap after GC invocations=10 (full 0):
 garbage-first heap   total 57344K, used 28279K [0x0000000080000000, 0x0000000100000000)
  region size 1024K, 3 young (3072K), 3 survivors (3072K)
 Metaspace       used 29816K, committed 30144K, reserved 1114112K
  class space    used 4032K, committed 4160K, reserved 1048576K
}
Event: 23.261 GC heap before
{Heap before GC invocations=10 (full 0):
 garbage-first heap   total 57344K, used 32375K [0x0000000080000000, 0x0000000100000000)
  region size 1024K, 6 young (6144K), 3 survivors (3072K)
 Metaspace       used 30001K, committed 30336K, reserved 1114112K
  class space    used 4065K, committed 4224K, reserved 1048576K
}
Event: 23.266 GC heap after
{Heap after GC invocations=11 (full 0):
 garbage-first heap   total 57344K, used 32825K [0x0000000080000000, 0x0000000100000000)
  region size 1024K, 3 young (3072K), 3 survivors (3072K)
 Metaspace       used 30001K, committed 30336K, reserved 1114112K
  class space    used 4065K, committed 4224K, reserved 1048576K
}
Event: 23.960 GC heap before
{Heap before GC invocations=12 (full 0):
 garbage-first heap   total 78848K, used 45113K [0x0000000080000000, 0x0000000100000000)
  region size 1024K, 4 young (4096K), 3 survivors (3072K)
 Metaspace       used 30035K, committed 30336K, reserved 1114112K
  class space    used 4073K, committed 4224K, reserved 1048576K
}
Event: 23.962 GC heap after
{Heap after GC invocations=13 (full 0):
 garbage-first heap   total 78848K, used 44462K [0x0000000080000000, 0x0000000100000000)
  region size 1024K, 1 young (1024K), 1 survivors (1024K)
 Metaspace       used 30035K, committed 30336K, reserved 1114112K
  class space    used 4073K, committed 4224K, reserved 1048576K
}
Event: 25.724 GC heap before
{Heap before GC invocations=14 (full 0):
 garbage-first heap   total 80896K, used 60846K [0x0000000080000000, 0x0000000100000000)
  region size 1024K, 16 young (16384K), 1 survivors (1024K)
 Metaspace       used 31729K, committed 32064K, reserved 1114112K
  class space    used 4333K, committed 4480K, reserved 1048576K
}
Event: 25.727 GC heap after
{Heap after GC invocations=15 (full 0):
 garbage-first heap   total 80896K, used 48675K [0x0000000080000000, 0x0000000100000000)
  region size 1024K, 2 young (2048K), 2 survivors (2048K)
 Metaspace       used 31729K, committed 32064K, reserved 1114112K
  class space    used 4333K, committed 4480K, reserved 1048576K
}
Event: 27.038 GC heap before
{Heap before GC invocations=15 (full 0):
 garbage-first heap   total 80896K, used 64035K [0x0000000080000000, 0x0000000100000000)
  region size 1024K, 17 young (17408K), 2 survivors (2048K)
 Metaspace       used 33678K, committed 34048K, reserved 1114112K
  class space    used 4651K, committed 4800K, reserved 1048576K
}
Event: 27.043 GC heap after
{Heap after GC invocations=16 (full 0):
 garbage-first heap   total 80896K, used 49730K [0x0000000080000000, 0x0000000100000000)
  region size 1024K, 1 young (1024K), 1 survivors (1024K)
 Metaspace       used 33678K, committed 34048K, reserved 1114112K
  class space    used 4651K, committed 4800K, reserved 1048576K
}
Event: 28.593 GC heap before
{Heap before GC invocations=17 (full 0):
 garbage-first heap   total 86016K, used 64066K [0x0000000080000000, 0x0000000100000000)
  region size 1024K, 15 young (15360K), 1 survivors (1024K)
 Metaspace       used 35710K, committed 36096K, reserved 1114112K
  class space    used 4966K, committed 5120K, reserved 1048576K
}
Event: 28.595 GC heap after
{Heap after GC invocations=18 (full 0):
 garbage-first heap   total 86016K, used 50131K [0x0000000080000000, 0x0000000100000000)
  region size 1024K, 2 young (2048K), 2 survivors (2048K)
 Metaspace       used 35710K, committed 36096K, reserved 1114112K
  class space    used 4966K, committed 5120K, reserved 1048576K
}
Event: 32.120 GC heap before
{Heap before GC invocations=18 (full 0):
 garbage-first heap   total 86016K, used 68563K [0x0000000080000000, 0x0000000100000000)
  region size 1024K, 20 young (20480K), 2 survivors (2048K)
 Metaspace       used 39993K, committed 40448K, reserved 1114112K
  class space    used 5417K, committed 5632K, reserved 1048576K
}
Event: 32.127 GC heap after
{Heap after GC invocations=19 (full 0):
 garbage-first heap   total 86016K, used 52051K [0x0000000080000000, 0x0000000100000000)
  region size 1024K, 3 young (3072K), 3 survivors (3072K)
 Metaspace       used 39993K, committed 40448K, reserved 1114112K
  class space    used 5417K, committed 5632K, reserved 1048576K
}
Event: 33.277 GC heap before
{Heap before GC invocations=20 (full 0):
 garbage-first heap   total 89088K, used 68435K [0x0000000080000000, 0x0000000100000000)
  region size 1024K, 20 young (20480K), 3 survivors (3072K)
 Metaspace       used 42649K, committed 43072K, reserved 1114112K
  class space    used 5717K, committed 5952K, reserved 1048576K
}
Event: 33.286 GC heap after
{Heap after GC invocations=21 (full 0):
 garbage-first heap   total 89088K, used 54572K [0x0000000080000000, 0x0000000100000000)
  region size 1024K, 3 young (3072K), 3 survivors (3072K)
 Metaspace       used 42649K, committed 43072K, reserved 1114112K
  class space    used 5717K, committed 5952K, reserved 1048576K
}
Event: 33.632 GC heap before
{Heap before GC invocations=21 (full 0):
 garbage-first heap   total 89088K, used 70956K [0x0000000080000000, 0x0000000100000000)
  region size 1024K, 20 young (20480K), 3 survivors (3072K)
 Metaspace       used 43124K, committed 43520K, reserved 1114112K
  class space    used 5763K, committed 5952K, reserved 1048576K
}
Event: 33.637 GC heap after
{Heap after GC invocations=22 (full 0):
 garbage-first heap   total 89088K, used 55587K [0x0000000080000000, 0x0000000100000000)
  region size 1024K, 2 young (2048K), 2 survivors (2048K)
 Metaspace       used 43124K, committed 43520K, reserved 1114112K
  class space    used 5763K, committed 5952K, reserved 1048576K
}

