# JRE version: OpenJDK Runtime Environment (17.0.7) (build 17.0.7+0-b2043.56-10550314)
# Java VM: OpenJDK 64-Bit Server VM (17.0.7+0-b2043.56-10550314, mixed mode, tiered, compressed oops, compressed class ptrs, g1 gc, windows-amd64)
GC Precious Log:
 CPUs: 4 total, 4 available
 Memory: 3539M
 Large Page Support: Disabled
 NUMA Support: Disabled
 Compressed Oops: Enabled (32-bit)
 Heap Region Size: 1M
 Heap Min Capacity: 8M
 Heap Initial Capacity: 56M
 Heap Max Capacity: 2G
 Pre-touch: Disabled
 Parallel Workers: 4
 Concurrent Workers: 1
 Concurrent Refinement Workers: 4
 Periodic GC: Disabled
Heap:
 garbage-first heap   total 65536K, used 47456K [0x0000000080000000, 0x0000000100000000)
  region size 1024K, 17 young (17408K), 2 survivors (2048K)
 Metaspace       used 48755K, committed 49152K, reserved 1114112K
  class space    used 6502K, committed 6720K, reserved 1048576K
GC Heap History (20 events):
Event: 26.565 GC heap before
{Heap before GC invocations=11 (full 0):
 garbage-first heap   total 57344K, used 40929K [0x0000000080000000, 0x0000000100000000)
  region size 1024K, 22 young (22528K), 3 survivors (3072K)
 Metaspace       used 35745K, committed 36096K, reserved 1114112K
  class space    used 4955K, committed 5120K, reserved 1048576K
}
Event: 26.571 GC heap after
{Heap after GC invocations=12 (full 0):
 garbage-first heap   total 57344K, used 25020K [0x0000000080000000, 0x0000000100000000)
  region size 1024K, 3 young (3072K), 3 survivors (3072K)
 Metaspace       used 35745K, committed 36096K, reserved 1114112K
  class space    used 4955K, committed 5120K, reserved 1048576K
}
Event: 32.837 GC heap before
{Heap before GC invocations=13 (full 0):
 garbage-first heap   total 57344K, used 43452K [0x0000000080000000, 0x0000000100000000)
  region size 1024K, 22 young (22528K), 3 survivors (3072K)
 Metaspace       used 40772K, committed 41152K, reserved 1114112K
  class space    used 5446K, committed 5632K, reserved 1048576K
}
Event: 32.844 GC heap after
{Heap after GC invocations=14 (full 0):
 garbage-first heap   total 57344K, used 27999K [0x0000000080000000, 0x0000000100000000)
  region size 1024K, 3 young (3072K), 3 survivors (3072K)
 Metaspace       used 40772K, committed 41152K, reserved 1114112K
  class space    used 5446K, committed 5632K, reserved 1048576K
}
Event: 33.719 GC heap before
{Heap before GC invocations=14 (full 0):
 garbage-first heap   total 57344K, used 44383K [0x0000000080000000, 0x0000000100000000)
  region size 1024K, 19 young (19456K), 3 survivors (3072K)
 Metaspace       used 41296K, committed 41664K, reserved 1114112K
  class space    used 5493K, committed 5632K, reserved 1048576K
}
Event: 33.727 GC heap after
{Heap after GC invocations=15 (full 0):
 garbage-first heap   total 57344K, used 30798K [0x0000000080000000, 0x0000000100000000)
  region size 1024K, 3 young (3072K), 3 survivors (3072K)
 Metaspace       used 41296K, committed 41664K, reserved 1114112K
  class space    used 5493K, committed 5632K, reserved 1048576K
}
Event: 35.955 GC heap before
{Heap before GC invocations=15 (full 0):
 garbage-first heap   total 57344K, used 41038K [0x0000000080000000, 0x0000000100000000)
  region size 1024K, 15 young (15360K), 3 survivors (3072K)
 Metaspace       used 42017K, committed 42432K, reserved 1114112K
  class space    used 5579K, committed 5760K, reserved 1048576K
}
Event: 35.959 GC heap after
{Heap after GC invocations=16 (full 0):
 garbage-first heap   total 57344K, used 31824K [0x0000000080000000, 0x0000000100000000)
  region size 1024K, 2 young (2048K), 2 survivors (2048K)
 Metaspace       used 42017K, committed 42432K, reserved 1114112K
  class space    used 5579K, committed 5760K, reserved 1048576K
}
Event: 36.286 GC heap before
{Heap before GC invocations=17 (full 0):
 garbage-first heap   total 58368K, used 32848K [0x0000000080000000, 0x0000000100000000)
  region size 1024K, 3 young (3072K), 2 survivors (2048K)
 Metaspace       used 42017K, committed 42432K, reserved 1114112K
  class space    used 5579K, committed 5760K, reserved 1048576K
}
Event: 36.289 GC heap after
{Heap after GC invocations=18 (full 0):
 garbage-first heap   total 58368K, used 32353K [0x0000000080000000, 0x0000000100000000)
  region size 1024K, 1 young (1024K), 1 survivors (1024K)
 Metaspace       used 42017K, committed 42432K, reserved 1114112K
  class space    used 5579K, committed 5760K, reserved 1048576K
}
Event: 45.744 GC heap before
{Heap before GC invocations=19 (full 0):
 garbage-first heap   total 65536K, used 48737K [0x0000000080000000, 0x0000000100000000)
  region size 1024K, 14 young (14336K), 1 survivors (1024K)
 Metaspace       used 44131K, committed 44608K, reserved 1114112K
  class space    used 5823K, committed 6016K, reserved 1048576K
}
Event: 45.747 GC heap after
{Heap after GC invocations=20 (full 0):
 garbage-first heap   total 65536K, used 31932K [0x0000000080000000, 0x0000000100000000)
  region size 1024K, 1 young (1024K), 1 survivors (1024K)
 Metaspace       used 44131K, committed 44608K, reserved 1114112K
  class space    used 5823K, committed 6016K, reserved 1048576K
}
Event: 45.751 GC heap before
{Heap before GC invocations=20 (full 0):
 garbage-first heap   total 65536K, used 33980K [0x0000000080000000, 0x0000000100000000)
  region size 1024K, 3 young (3072K), 1 survivors (1024K)
 Metaspace       used 44131K, committed 44608K, reserved 1114112K
  class space    used 5823K, committed 6016K, reserved 1048576K
}
Event: 45.754 GC heap after
{Heap after GC invocations=21 (full 0):
 garbage-first heap   total 65536K, used 31471K [0x0000000080000000, 0x0000000100000000)
  region size 1024K, 1 young (1024K), 1 survivors (1024K)
 Metaspace       used 44131K, committed 44608K, reserved 1114112K
  class space    used 5823K, committed 6016K, reserved 1048576K
}
Event: 47.323 GC heap before
{Heap before GC invocations=21 (full 0):
 garbage-first heap   total 65536K, used 38639K [0x0000000080000000, 0x0000000100000000)
  region size 1024K, 10 young (10240K), 1 survivors (1024K)
 Metaspace       used 44357K, committed 44800K, reserved 1114112K
  class space    used 5836K, committed 6016K, reserved 1048576K
}
Event: 47.325 GC heap after
{Heap after GC invocations=22 (full 0):
 garbage-first heap   total 65536K, used 32068K [0x0000000080000000, 0x0000000100000000)
  region size 1024K, 1 young (1024K), 1 survivors (1024K)
 Metaspace       used 44357K, committed 44800K, reserved 1114112K
  class space    used 5836K, committed 6016K, reserved 1048576K
}
Event: 47.430 GC heap before
{Heap before GC invocations=23 (full 0):
 garbage-first heap   total 65536K, used 33092K [0x0000000080000000, 0x0000000100000000)
  region size 1024K, 2 young (2048K), 1 survivors (1024K)
 Metaspace       used 44357K, committed 44800K, reserved 1114112K
  class space    used 5836K, committed 6016K, reserved 1048576K
}
Event: 47.432 GC heap after
{Heap after GC invocations=24 (full 0):
 garbage-first heap   total 65536K, used 32587K [0x0000000080000000, 0x0000000100000000)
  region size 1024K, 1 young (1024K), 1 survivors (1024K)
 Metaspace       used 44357K, committed 44800K, reserved 1114112K
  class space    used 5836K, committed 6016K, reserved 1048576K
}
Event: 59.797 GC heap before
{Heap before GC invocations=25 (full 0):
 garbage-first heap   total 65536K, used 54091K [0x0000000080000000, 0x0000000100000000)
  region size 1024K, 21 young (21504K), 1 survivors (1024K)
 Metaspace       used 47139K, committed 47616K, reserved 1114112K
  class space    used 6241K, committed 6464K, reserved 1048576K
}
Event: 59.803 GC heap after
{Heap after GC invocations=26 (full 0):
 garbage-first heap   total 65536K, used 33120K [0x0000000080000000, 0x0000000100000000)
  region size 1024K, 2 young (2048K), 2 survivors (2048K)
 Metaspace       used 47139K, committed 47616K, reserved 1114112K
  class space    used 6241K, committed 6464K, reserved 1048576K
}

