# JRE version: OpenJDK Runtime Environment (17.0.7) (build 17.0.7+0-b2043.56-10550314)
# Java VM: OpenJDK 64-Bit Server VM (17.0.7+0-b2043.56-10550314, mixed mode, tiered, compressed oops, compressed class ptrs, g1 gc, windows-amd64)
GC Precious Log:
 CPUs: 4 total, 4 available
 Memory: 3539M
 Large Page Support: Disabled
 NUMA Support: Disabled
 Compressed Oops: Enabled (32-bit)
 Heap Region Size: 1M
 Heap Min Capacity: 8M
 Heap Initial Capacity: 56M
 Heap Max Capacity: 2G
 Pre-touch: Disabled
 Parallel Workers: 4
 Concurrent Workers: 1
 Concurrent Refinement Workers: 4
 Periodic GC: Disabled
Heap:
 garbage-first heap   total 321536K, used 197317K [0x0000000080000000, 0x0000000100000000)
  region size 1024K, 2 young (2048K), 2 survivors (2048K)
 Metaspace       used 150623K, committed 151424K, reserved 1245184K
  class space    used 19781K, committed 20160K, reserved 1048576K
GC Heap History (20 events):
Event: 24.839 GC heap after
{Heap after GC invocations=44 (full 0):
 garbage-first heap   total 314368K, used 100231K [0x0000000080000000, 0x0000000100000000)
  region size 1024K, 1 young (1024K), 1 survivors (1024K)
 Metaspace       used 79460K, committed 80256K, reserved 1179648K
  class space    used 11139K, committed 11520K, reserved 1048576K
}
Event: 30.770 GC heap before
{Heap before GC invocations=44 (full 0):
 garbage-first heap   total 314368K, used 265095K [0x0000000080000000, 0x0000000100000000)
  region size 1024K, 151 young (154624K), 1 survivors (1024K)
 Metaspace       used 96652K, committed 97472K, reserved 1179648K
  class space    used 13363K, committed 13760K, reserved 1048576K
}
Event: 30.845 GC heap after
{Heap after GC invocations=45 (full 0):
 garbage-first heap   total 314368K, used 117429K [0x0000000080000000, 0x0000000100000000)
  region size 1024K, 7 young (7168K), 7 survivors (7168K)
 Metaspace       used 96652K, committed 97472K, reserved 1179648K
  class space    used 13363K, committed 13760K, reserved 1048576K
}
Event: 38.368 GC heap before
{Heap before GC invocations=45 (full 0):
 garbage-first heap   total 314368K, used 258741K [0x0000000080000000, 0x0000000100000000)
  region size 1024K, 138 young (141312K), 7 survivors (7168K)
 Metaspace       used 101450K, committed 102272K, reserved 1179648K
  class space    used 13879K, committed 14272K, reserved 1048576K
}
Event: 38.570 GC heap after
{Heap after GC invocations=46 (full 0):
 garbage-first heap   total 314368K, used 147147K [0x0000000080000000, 0x0000000100000000)
  region size 1024K, 18 young (18432K), 18 survivors (18432K)
 Metaspace       used 101450K, committed 102272K, reserved 1179648K
  class space    used 13879K, committed 14272K, reserved 1048576K
}
Event: 44.972 GC heap before
{Heap before GC invocations=46 (full 0):
 garbage-first heap   total 314368K, used 245451K [0x0000000080000000, 0x0000000100000000)
  region size 1024K, 114 young (116736K), 18 survivors (18432K)
 Metaspace       used 111856K, committed 112704K, reserved 1179648K
  class space    used 14963K, committed 15360K, reserved 1048576K
}
Event: 45.103 GC heap after
{Heap after GC invocations=47 (full 0):
 garbage-first heap   total 314368K, used 155648K [0x0000000080000000, 0x0000000100000000)
  region size 1024K, 8 young (8192K), 8 survivors (8192K)
 Metaspace       used 111856K, committed 112704K, reserved 1179648K
  class space    used 14963K, committed 15360K, reserved 1048576K
}
Event: 48.336 GC heap before
{Heap before GC invocations=47 (full 0):
 garbage-first heap   total 314368K, used 252928K [0x0000000080000000, 0x0000000100000000)
  region size 1024K, 102 young (104448K), 8 survivors (8192K)
 Metaspace       used 117976K, committed 118720K, reserved 1179648K
  class space    used 15700K, committed 16064K, reserved 1048576K
}
Event: 48.361 GC heap after
{Heap after GC invocations=48 (full 0):
 garbage-first heap   total 314368K, used 160662K [0x0000000080000000, 0x0000000100000000)
  region size 1024K, 13 young (13312K), 13 survivors (13312K)
 Metaspace       used 117976K, committed 118720K, reserved 1179648K
  class space    used 15700K, committed 16064K, reserved 1048576K
}
Event: 52.475 GC heap before
{Heap before GC invocations=48 (full 0):
 garbage-first heap   total 314368K, used 255894K [0x0000000080000000, 0x0000000100000000)
  region size 1024K, 106 young (108544K), 13 survivors (13312K)
 Metaspace       used 125195K, committed 125952K, reserved 1179648K
  class space    used 16424K, committed 16768K, reserved 1048576K
}
Event: 52.544 GC heap after
{Heap after GC invocations=49 (full 0):
 garbage-first heap   total 314368K, used 168960K [0x0000000080000000, 0x0000000100000000)
  region size 1024K, 14 young (14336K), 14 survivors (14336K)
 Metaspace       used 125195K, committed 125952K, reserved 1179648K
  class space    used 16424K, committed 16768K, reserved 1048576K
}
Event: 53.780 GC heap before
{Heap before GC invocations=49 (full 0):
 garbage-first heap   total 314368K, used 207872K [0x0000000080000000, 0x0000000100000000)
  region size 1024K, 53 young (54272K), 14 survivors (14336K)
 Metaspace       used 129912K, committed 130688K, reserved 1179648K
  class space    used 17037K, committed 17408K, reserved 1048576K
}
Event: 53.827 GC heap after
{Heap after GC invocations=50 (full 0):
 garbage-first heap   total 314368K, used 170548K [0x0000000080000000, 0x0000000100000000)
  region size 1024K, 2 young (2048K), 2 survivors (2048K)
 Metaspace       used 129912K, committed 130688K, reserved 1179648K
  class space    used 17037K, committed 17408K, reserved 1048576K
}
Event: 61.175 GC heap before
{Heap before GC invocations=51 (full 0):
 garbage-first heap   total 321536K, used 260660K [0x0000000080000000, 0x0000000100000000)
  region size 1024K, 89 young (91136K), 2 survivors (2048K)
 Metaspace       used 140929K, committed 141696K, reserved 1179648K
  class space    used 18212K, committed 18560K, reserved 1048576K
}
Event: 61.282 GC heap after
{Heap after GC invocations=52 (full 0):
 garbage-first heap   total 321536K, used 174228K [0x0000000080000000, 0x0000000100000000)
  region size 1024K, 4 young (4096K), 4 survivors (4096K)
 Metaspace       used 140929K, committed 141696K, reserved 1179648K
  class space    used 18212K, committed 18560K, reserved 1048576K
}
Event: 62.833 GC heap before
{Heap before GC invocations=52 (full 0):
 garbage-first heap   total 321536K, used 186516K [0x0000000080000000, 0x0000000100000000)
  region size 1024K, 15 young (15360K), 4 survivors (4096K)
 Metaspace       used 141713K, committed 142528K, reserved 1179648K
  class space    used 18322K, committed 18688K, reserved 1048576K
}
Event: 62.898 GC heap after
{Heap after GC invocations=53 (full 0):
 garbage-first heap   total 321536K, used 173631K [0x0000000080000000, 0x0000000100000000)
  region size 1024K, 1 young (1024K), 1 survivors (1024K)
 Metaspace       used 141713K, committed 142528K, reserved 1179648K
  class space    used 18322K, committed 18688K, reserved 1048576K
}
Event: 78.108 GC heap before
{Heap before GC invocations=53 (full 0):
 garbage-first heap   total 321536K, used 289343K [0x0000000080000000, 0x0000000100000000)
  region size 1024K, 94 young (96256K), 1 survivors (1024K)
 Metaspace       used 149890K, committed 150720K, reserved 1179648K
  class space    used 19682K, committed 20096K, reserved 1048576K
}
Event: 78.664 GC heap after
{Heap after GC invocations=54 (full 0):
 garbage-first heap   total 321536K, used 196172K [0x0000000080000000, 0x0000000100000000)
  region size 1024K, 9 young (9216K), 9 survivors (9216K)
 Metaspace       used 149890K, committed 150720K, reserved 1179648K
  class space    used 19682K, committed 20096K, reserved 1048576K
}
Event: 79.308 GC heap before
{Heap before GC invocations=54 (full 0):
 garbage-first heap   total 321536K, used 201292K [0x0000000080000000, 0x0000000100000000)
  region size 1024K, 15 young (15360K), 9 survivors (9216K)
 Metaspace       used 150623K, committed 151424K, reserved 1245184K
  class space    used 19781K, committed 20160K, reserved 1048576K
}

