# JRE version: OpenJDK Runtime Environment (17.0.7) (build 17.0.7+0-b2043.56-10550314)
# Java VM: OpenJDK 64-Bit Server VM (17.0.7+0-b2043.56-10550314, mixed mode, tiered, compressed oops, compressed class ptrs, g1 gc, windows-amd64)
GC Precious Log:
 CPUs: 4 total, 4 available
 Memory: 3539M
 Large Page Support: Disabled
 NUMA Support: Disabled
 Compressed Oops: Enabled (32-bit)
 Heap Region Size: 1M
 Heap Min Capacity: 8M
 Heap Initial Capacity: 56M
 Heap Max Capacity: 2G
 Pre-touch: Disabled
 Parallel Workers: 4
 Concurrent Workers: 1
 Concurrent Refinement Workers: 4
 Periodic GC: Disabled
Heap:
 garbage-first heap   total 116736K, used 84927K [0x0000000080000000, 0x0000000100000000)
  region size 1024K, 22 young (22528K), 4 survivors (4096K)
 Metaspace       used 58607K, committed 59264K, reserved 1114112K
  class space    used 7929K, committed 8192K, reserved 1048576K
GC Heap History (20 events):
Event: 14.024 GC heap before
{Heap before GC invocations=20 (full 0):
 garbage-first heap   total 87040K, used 68264K [0x0000000080000000, 0x0000000100000000)
  region size 1024K, 20 young (20480K), 2 survivors (2048K)
 Metaspace       used 38699K, committed 39104K, reserved 1114112K
  class space    used 5299K, committed 5504K, reserved 1048576K
}
Event: 14.029 GC heap after
{Heap after GC invocations=21 (full 0):
 garbage-first heap   total 87040K, used 51354K [0x0000000080000000, 0x0000000100000000)
  region size 1024K, 3 young (3072K), 3 survivors (3072K)
 Metaspace       used 38699K, committed 39104K, reserved 1114112K
  class space    used 5299K, committed 5504K, reserved 1048576K
}
Event: 14.461 GC heap before
{Heap before GC invocations=22 (full 0):
 garbage-first heap   total 91136K, used 68762K [0x0000000080000000, 0x0000000100000000)
  region size 1024K, 21 young (21504K), 3 survivors (3072K)
 Metaspace       used 42536K, committed 43008K, reserved 1114112K
  class space    used 5711K, committed 5952K, reserved 1048576K
}
Event: 14.467 GC heap after
{Heap after GC invocations=23 (full 0):
 garbage-first heap   total 91136K, used 53932K [0x0000000080000000, 0x0000000100000000)
  region size 1024K, 3 young (3072K), 3 survivors (3072K)
 Metaspace       used 42536K, committed 43008K, reserved 1114112K
  class space    used 5711K, committed 5952K, reserved 1048576K
}
Event: 14.669 GC heap before
{Heap before GC invocations=23 (full 0):
 garbage-first heap   total 91136K, used 72364K [0x0000000080000000, 0x0000000100000000)
  region size 1024K, 21 young (21504K), 3 survivors (3072K)
 Metaspace       used 42993K, committed 43392K, reserved 1114112K
  class space    used 5756K, committed 5952K, reserved 1048576K
}
Event: 14.675 GC heap after
{Heap after GC invocations=24 (full 0):
 garbage-first heap   total 91136K, used 55063K [0x0000000080000000, 0x0000000100000000)
  region size 1024K, 2 young (2048K), 2 survivors (2048K)
 Metaspace       used 42993K, committed 43392K, reserved 1114112K
  class space    used 5756K, committed 5952K, reserved 1048576K
}
Event: 15.299 GC heap before
{Heap before GC invocations=25 (full 0):
 garbage-first heap   total 101376K, used 78615K [0x0000000080000000, 0x0000000100000000)
  region size 1024K, 21 young (21504K), 2 survivors (2048K)
 Metaspace       used 46023K, committed 46528K, reserved 1114112K
  class space    used 6109K, committed 6336K, reserved 1048576K
}
Event: 15.306 GC heap after
{Heap after GC invocations=26 (full 0):
 garbage-first heap   total 101376K, used 56503K [0x0000000080000000, 0x0000000100000000)
  region size 1024K, 2 young (2048K), 2 survivors (2048K)
 Metaspace       used 46023K, committed 46528K, reserved 1114112K
  class space    used 6109K, committed 6336K, reserved 1048576K
}
Event: 17.060 GC heap before
{Heap before GC invocations=26 (full 0):
 garbage-first heap   total 101376K, used 80055K [0x0000000080000000, 0x0000000100000000)
  region size 1024K, 26 young (26624K), 2 survivors (2048K)
 Metaspace       used 48120K, committed 48576K, reserved 1114112K
  class space    used 6420K, committed 6656K, reserved 1048576K
}
Event: 17.081 GC heap after
{Heap after GC invocations=27 (full 0):
 garbage-first heap   total 101376K, used 58906K [0x0000000080000000, 0x0000000100000000)
  region size 1024K, 4 young (4096K), 4 survivors (4096K)
 Metaspace       used 48120K, committed 48576K, reserved 1114112K
  class space    used 6420K, committed 6656K, reserved 1048576K
}
Event: 17.389 GC heap before
{Heap before GC invocations=28 (full 0):
 garbage-first heap   total 101376K, used 58906K [0x0000000080000000, 0x0000000100000000)
  region size 1024K, 5 young (5120K), 4 survivors (4096K)
 Metaspace       used 48142K, committed 48704K, reserved 1114112K
  class space    used 6424K, committed 6656K, reserved 1048576K
}
Event: 17.409 GC heap after
{Heap after GC invocations=29 (full 0):
 garbage-first heap   total 101376K, used 59252K [0x0000000080000000, 0x0000000100000000)
  region size 1024K, 1 young (1024K), 1 survivors (1024K)
 Metaspace       used 48142K, committed 48704K, reserved 1114112K
  class space    used 6424K, committed 6656K, reserved 1048576K
}
Event: 19.657 GC heap before
{Heap before GC invocations=30 (full 0):
 garbage-first heap   total 106496K, used 74612K [0x0000000080000000, 0x0000000100000000)
  region size 1024K, 15 young (15360K), 1 survivors (1024K)
 Metaspace       used 49178K, committed 49728K, reserved 1114112K
  class space    used 6541K, committed 6784K, reserved 1048576K
}
Event: 19.671 GC heap after
{Heap after GC invocations=31 (full 0):
 garbage-first heap   total 106496K, used 64094K [0x0000000080000000, 0x0000000100000000)
  region size 1024K, 3 young (3072K), 3 survivors (3072K)
 Metaspace       used 49178K, committed 49728K, reserved 1114112K
  class space    used 6541K, committed 6784K, reserved 1048576K
}
Event: 23.647 GC heap before
{Heap before GC invocations=32 (full 0):
 garbage-first heap   total 114688K, used 86622K [0x0000000080000000, 0x0000000100000000)
  region size 1024K, 23 young (23552K), 3 survivors (3072K)
 Metaspace       used 50967K, committed 51584K, reserved 1114112K
  class space    used 6712K, committed 6976K, reserved 1048576K
}
Event: 23.651 GC heap after
{Heap after GC invocations=33 (full 0):
 garbage-first heap   total 114688K, used 64589K [0x0000000080000000, 0x0000000100000000)
  region size 1024K, 1 young (1024K), 1 survivors (1024K)
 Metaspace       used 50967K, committed 51584K, reserved 1114112K
  class space    used 6712K, committed 6976K, reserved 1048576K
}
Event: 25.555 GC heap before
{Heap before GC invocations=33 (full 0):
 garbage-first heap   total 114688K, used 91213K [0x0000000080000000, 0x0000000100000000)
  region size 1024K, 27 young (27648K), 1 survivors (1024K)
 Metaspace       used 53651K, committed 54144K, reserved 1114112K
  class space    used 7212K, committed 7424K, reserved 1048576K
}
Event: 25.561 GC heap after
{Heap after GC invocations=34 (full 0):
 garbage-first heap   total 114688K, used 66477K [0x0000000080000000, 0x0000000100000000)
  region size 1024K, 3 young (3072K), 3 survivors (3072K)
 Metaspace       used 53651K, committed 54144K, reserved 1114112K
  class space    used 7212K, committed 7424K, reserved 1048576K
}
Event: 26.869 GC heap before
{Heap before GC invocations=35 (full 0):
 garbage-first heap   total 116736K, used 91053K [0x0000000080000000, 0x0000000100000000)
  region size 1024K, 28 young (28672K), 3 survivors (3072K)
 Metaspace       used 56610K, committed 57280K, reserved 1114112K
  class space    used 7699K, committed 8000K, reserved 1048576K
}
Event: 26.876 GC heap after
{Heap after GC invocations=36 (full 0):
 garbage-first heap   total 116736K, used 67519K [0x0000000080000000, 0x0000000100000000)
  region size 1024K, 4 young (4096K), 4 survivors (4096K)
 Metaspace       used 56610K, committed 57280K, reserved 1114112K
  class space    used 7699K, committed 8000K, reserved 1048576K
}

