# JRE version: OpenJDK Runtime Environment (17.0.7) (build 17.0.7+0-b2043.56-10550314)
# Java VM: OpenJDK 64-Bit Server VM (17.0.7+0-b2043.56-10550314, mixed mode, tiered, compressed oops, compressed class ptrs, g1 gc, windows-amd64)
GC Precious Log:
 CPUs: 4 total, 4 available
 Memory: 3539M
 Large Page Support: Disabled
 NUMA Support: Disabled
 Compressed Oops: Enabled (32-bit)
 Heap Region Size: 1M
 Heap Min Capacity: 8M
 Heap Initial Capacity: 56M
 Heap Max Capacity: 2G
 Pre-touch: Disabled
 Parallel Workers: 4
 Concurrent Workers: 1
 Concurrent Refinement Workers: 4
 Periodic GC: Disabled
Heap:
 garbage-first heap   total 87040K, used 54528K [0x0000000080000000, 0x0000000100000000)
  region size 1024K, 2 young (2048K), 2 survivors (2048K)
 Metaspace       used 42724K, committed 43136K, reserved 1114112K
  class space    used 5721K, committed 5952K, reserved 1048576K
GC Heap History (20 events):
Event: 22.519 GC heap after
{Heap after GC invocations=9 (full 0):
 garbage-first heap   total 57344K, used 22464K [0x0000000080000000, 0x0000000100000000)
  region size 1024K, 3 young (3072K), 3 survivors (3072K)
 Metaspace       used 29758K, committed 30080K, reserved 1114112K
  class space    used 4023K, committed 4160K, reserved 1048576K
}
Event: 22.680 GC heap before
{Heap before GC invocations=9 (full 0):
 garbage-first heap   total 57344K, used 28608K [0x0000000080000000, 0x0000000100000000)
  region size 1024K, 5 young (5120K), 3 survivors (3072K)
 Metaspace       used 29826K, committed 30144K, reserved 1114112K
  class space    used 4036K, committed 4160K, reserved 1048576K
}
Event: 22.685 GC heap after
{Heap after GC invocations=10 (full 0):
 garbage-first heap   total 57344K, used 28448K [0x0000000080000000, 0x0000000100000000)
  region size 1024K, 1 young (1024K), 1 survivors (1024K)
 Metaspace       used 29826K, committed 30144K, reserved 1114112K
  class space    used 4036K, committed 4160K, reserved 1048576K
}
Event: 24.798 GC heap before
{Heap before GC invocations=11 (full 0):
 garbage-first heap   total 57344K, used 50976K [0x0000000080000000, 0x0000000100000000)
  region size 1024K, 9 young (9216K), 1 survivors (1024K)
 Metaspace       used 30386K, committed 30720K, reserved 1114112K
  class space    used 4138K, committed 4288K, reserved 1048576K
}
Event: 24.801 GC heap after
{Heap after GC invocations=12 (full 0):
 garbage-first heap   total 58368K, used 48181K [0x0000000080000000, 0x0000000100000000)
  region size 1024K, 2 young (2048K), 2 survivors (2048K)
 Metaspace       used 30386K, committed 30720K, reserved 1114112K
  class space    used 4138K, committed 4288K, reserved 1048576K
}
Event: 24.895 GC heap before
{Heap before GC invocations=12 (full 0):
 garbage-first heap   total 58368K, used 48181K [0x0000000080000000, 0x0000000100000000)
  region size 1024K, 3 young (3072K), 2 survivors (2048K)
 Metaspace       used 30578K, committed 30976K, reserved 1114112K
  class space    used 4180K, committed 4352K, reserved 1048576K
}
Event: 24.899 GC heap after
{Heap after GC invocations=13 (full 0):
 garbage-first heap   total 58368K, used 48031K [0x0000000080000000, 0x0000000100000000)
  region size 1024K, 1 young (1024K), 1 survivors (1024K)
 Metaspace       used 30578K, committed 30976K, reserved 1114112K
  class space    used 4180K, committed 4352K, reserved 1048576K
}
Event: 24.995 GC heap before
{Heap before GC invocations=13 (full 0):
 garbage-first heap   total 58368K, used 49055K [0x0000000080000000, 0x0000000100000000)
  region size 1024K, 2 young (2048K), 1 survivors (1024K)
 Metaspace       used 30762K, committed 31104K, reserved 1114112K
  class space    used 4193K, committed 4352K, reserved 1048576K
}
Event: 24.996 GC heap after
{Heap after GC invocations=14 (full 0):
 garbage-first heap   total 58368K, used 47972K [0x0000000080000000, 0x0000000100000000)
  region size 1024K, 1 young (1024K), 1 survivors (1024K)
 Metaspace       used 30762K, committed 31104K, reserved 1114112K
  class space    used 4193K, committed 4352K, reserved 1048576K
}
Event: 25.080 GC heap before
{Heap before GC invocations=15 (full 0):
 garbage-first heap   total 83968K, used 48996K [0x0000000080000000, 0x0000000100000000)
  region size 1024K, 2 young (2048K), 1 survivors (1024K)
 Metaspace       used 30882K, committed 31232K, reserved 1114112K
  class space    used 4215K, committed 4352K, reserved 1048576K
}
Event: 25.082 GC heap after
{Heap after GC invocations=16 (full 0):
 garbage-first heap   total 83968K, used 47986K [0x0000000080000000, 0x0000000100000000)
  region size 1024K, 1 young (1024K), 1 survivors (1024K)
 Metaspace       used 30882K, committed 31232K, reserved 1114112K
  class space    used 4215K, committed 4352K, reserved 1048576K
}
Event: 26.400 GC heap before
{Heap before GC invocations=16 (full 0):
 garbage-first heap   total 83968K, used 64370K [0x0000000080000000, 0x0000000100000000)
  region size 1024K, 17 young (17408K), 1 survivors (1024K)
 Metaspace       used 32922K, committed 33216K, reserved 1114112K
  class space    used 4533K, committed 4672K, reserved 1048576K
}
Event: 26.403 GC heap after
{Heap after GC invocations=17 (full 0):
 garbage-first heap   total 83968K, used 48762K [0x0000000080000000, 0x0000000100000000)
  region size 1024K, 1 young (1024K), 1 survivors (1024K)
 Metaspace       used 32922K, committed 33216K, reserved 1114112K
  class space    used 4533K, committed 4672K, reserved 1048576K
}
Event: 27.644 GC heap before
{Heap before GC invocations=18 (full 0):
 garbage-first heap   total 83968K, used 66170K [0x0000000080000000, 0x0000000100000000)
  region size 1024K, 18 young (18432K), 1 survivors (1024K)
 Metaspace       used 35133K, committed 35520K, reserved 1114112K
  class space    used 4890K, committed 5056K, reserved 1048576K
}
Event: 27.649 GC heap after
{Heap after GC invocations=19 (full 0):
 garbage-first heap   total 83968K, used 49378K [0x0000000080000000, 0x0000000100000000)
  region size 1024K, 2 young (2048K), 2 survivors (2048K)
 Metaspace       used 35133K, committed 35520K, reserved 1114112K
  class space    used 4890K, committed 5056K, reserved 1048576K
}
Event: 31.376 GC heap before
{Heap before GC invocations=19 (full 0):
 garbage-first heap   total 83968K, used 65762K [0x0000000080000000, 0x0000000100000000)
  region size 1024K, 19 young (19456K), 2 survivors (2048K)
 Metaspace       used 38150K, committed 38528K, reserved 1114112K
  class space    used 5265K, committed 5440K, reserved 1048576K
}
Event: 31.383 GC heap after
{Heap after GC invocations=20 (full 0):
 garbage-first heap   total 83968K, used 50631K [0x0000000080000000, 0x0000000100000000)
  region size 1024K, 3 young (3072K), 3 survivors (3072K)
 Metaspace       used 38150K, committed 38528K, reserved 1114112K
  class space    used 5265K, committed 5440K, reserved 1048576K
}
Event: 32.411 GC heap before
{Heap before GC invocations=21 (full 0):
 garbage-first heap   total 87040K, used 67015K [0x0000000080000000, 0x0000000100000000)
  region size 1024K, 20 young (20480K), 3 survivors (3072K)
 Metaspace       used 42616K, committed 43072K, reserved 1114112K
  class space    used 5716K, committed 5952K, reserved 1048576K
}
Event: 32.421 GC heap after
{Heap after GC invocations=22 (full 0):
 garbage-first heap   total 87040K, used 52864K [0x0000000080000000, 0x0000000100000000)
  region size 1024K, 3 young (3072K), 3 survivors (3072K)
 Metaspace       used 42616K, committed 43072K, reserved 1114112K
  class space    used 5716K, committed 5952K, reserved 1048576K
}
Event: 33.085 GC heap before
{Heap before GC invocations=22 (full 0):
 garbage-first heap   total 87040K, used 70272K [0x0000000080000000, 0x0000000100000000)
  region size 1024K, 20 young (20480K), 3 survivors (3072K)
 Metaspace       used 42724K, committed 43136K, reserved 1114112K
  class space    used 5721K, committed 5952K, reserved 1048576K
}

